<?xml version="1.0" encoding="UTF-8"?>
<!-- Generated by org.testng.reporters.JUnitXMLReporter -->
<testsuite ignored="0" hostname="venkeyroy" failures="0" tests="3" name="Default test" time="25.883" errors="0" timestamp="2025-08-01T17:48:35 IST">
  <testcase classname="test.loginTest" name="loginTestWithExcel" time="5.043"/>
  <testcase classname="test.loginTest" name="loginTestWithExcel" time="0.507"/>
  <testcase classname="test.loginTest" name="loginTestWithExcel" time="0.968"/>
</testsuite> <!-- Default test -->
