<?xml version="1.0" encoding="UTF-8"?>
<testng-results ignored="0" total="3" passed="3" failed="0" skipped="0">
  <reporter-output>
  </reporter-output>
  <suite started-at="2025-08-01T17:48:09 IST" name="Default suite" finished-at="2025-08-01T17:48:35 IST" duration-ms="25883">
    <groups>
    </groups>
    <test started-at="2025-08-01T17:48:09 IST" name="Default test" finished-at="2025-08-01T17:48:35 IST" duration-ms="25883">
      <class name="test.loginTest">
        <test-method is-config="true" signature="setUp()[pri:0, instance:test.loginTest@67080771]" started-at="2025-08-01T17:48:10 IST" name="setUp" finished-at="2025-08-01T17:48:15 IST" duration-ms="4707" status="PASS">
          <reporter-output>
          </reporter-output>
        </test-method> <!-- setUp -->
        <test-method signature="loginTestWithExcel(java.lang.String,java.lang.String)[pri:0, instance:test.loginTest@67080771]" started-at="2025-08-01T17:48:15 IST" name="loginTestWithExcel" data-provider="loginData" finished-at="2025-08-01T17:48:20 IST" duration-ms="5043" status="PASS">
          <params>
            <param index="0">
              <value>
                <![CDATA[testuser1]]>
              </value>
            </param>
            <param index="1">
              <value>
                <![CDATA[pass123]]>
              </value>
            </param>
          </params>
          <reporter-output>
          </reporter-output>
        </test-method> <!-- loginTestWithExcel -->
        <test-method is-config="true" signature="tearDown()[pri:0, instance:test.loginTest@67080771]" started-at="2025-08-01T17:48:20 IST" name="tearDown" finished-at="2025-08-01T17:48:20 IST" duration-ms="297" status="PASS">
          <reporter-output>
          </reporter-output>
        </test-method> <!-- tearDown -->
        <test-method is-config="true" signature="setUp()[pri:0, instance:test.loginTest@67080771]" started-at="2025-08-01T17:48:20 IST" name="setUp" finished-at="2025-08-01T17:48:24 IST" duration-ms="4026" status="PASS">
          <reporter-output>
          </reporter-output>
        </test-method> <!-- setUp -->
        <test-method signature="loginTestWithExcel(java.lang.String,java.lang.String)[pri:0, instance:test.loginTest@67080771]" started-at="2025-08-01T17:48:24 IST" name="loginTestWithExcel" data-provider="loginData" finished-at="2025-08-01T17:48:25 IST" duration-ms="507" status="PASS">
          <params>
            <param index="0">
              <value>
                <![CDATA[testuser2]]>
              </value>
            </param>
            <param index="1">
              <value>
                <![CDATA[pass456]]>
              </value>
            </param>
          </params>
          <reporter-output>
          </reporter-output>
        </test-method> <!-- loginTestWithExcel -->
        <test-method is-config="true" signature="tearDown()[pri:0, instance:test.loginTest@67080771]" started-at="2025-08-01T17:48:29 IST" name="tearDown" finished-at="2025-08-01T17:48:30 IST" duration-ms="189" status="PASS">
          <reporter-output>
          </reporter-output>
        </test-method> <!-- tearDown -->
        <test-method is-config="true" signature="setUp()[pri:0, instance:test.loginTest@67080771]" started-at="2025-08-01T17:48:30 IST" name="setUp" finished-at="2025-08-01T17:48:34 IST" duration-ms="3974" status="PASS">
          <reporter-output>
          </reporter-output>
        </test-method> <!-- setUp -->
        <test-method signature="loginTestWithExcel(java.lang.String,java.lang.String)[pri:0, instance:test.loginTest@67080771]" started-at="2025-08-01T17:48:34 IST" name="loginTestWithExcel" data-provider="loginData" finished-at="2025-08-01T17:48:35 IST" duration-ms="968" status="PASS">
          <params>
            <param index="0">
              <value>
                <![CDATA[john.smith@gmail.com]]>
              </value>
            </param>
            <param index="1">
              <value>
                <![CDATA[john]]>
              </value>
            </param>
          </params>
          <reporter-output>
          </reporter-output>
        </test-method> <!-- loginTestWithExcel -->
        <test-method is-config="true" signature="tearDown()[pri:0, instance:test.loginTest@67080771]" started-at="2025-08-01T17:48:35 IST" name="tearDown" finished-at="2025-08-01T17:48:35 IST" duration-ms="195" status="PASS">
          <reporter-output>
          </reporter-output>
        </test-method> <!-- tearDown -->
      </class> <!-- test.loginTest -->
    </test> <!-- Default test -->
  </suite> <!-- Default suite -->
</testng-results>
